[14:49:26] [Client thread/INFO]: Setting user: Player328
[14:49:26] [Client thread/INFO]: (Session ID is token:0:Player328)
[14:49:29] [Client thread/INFO]: [OptiFine] *** Reflector Forge ***
[14:49:29] [Client thread/INFO]: [OptiFine] (Reflector) Method not present: net.minecraft.world.biome.BiomeGenBase.getWaterColorMultiplier
[14:49:29] [Client thread/INFO]: [OptiFine] (Reflector) Method not present: net.minecraft.block.Block.addDestroyEffects
[14:49:29] [Client thread/INFO]: [OptiFine] (Reflector) Method not present: net.minecraft.block.Block.addHitEffects
[14:49:29] [Client thread/INFO]: [OptiFine] (Reflector) Method not present: net.minecraft.block.Block.canCreatureSpawn
[14:49:29] [Client thread/INFO]: [OptiFine] (Reflector) Method not present: net.minecraft.block.Block.canRenderInLayer
[14:49:29] [Client thread/INFO]: [OptiFine] (Reflector) Method not present: net.minecraft.block.Block.doesSideBlockRendering
[14:49:29] [Client thread/INFO]: [OptiFine] (Reflector) Method not present: net.minecraft.block.Block.getBedDirection
[14:49:29] [Client thread/INFO]: [OptiFine] (Reflector) Method not present: net.minecraft.block.Block.getExtendedState
[14:49:29] [Client thread/INFO]: [OptiFine] (Reflector) Method not present: net.minecraft.block.Block.getLightOpacity
[14:49:29] [Client thread/INFO]: [OptiFine] (Reflector) Method not present: net.minecraft.block.Block.getLightValue
[14:49:29] [Client thread/INFO]: [OptiFine] (Reflector) Method not present: net.minecraft.block.Block.hasTileEntity
[14:49:29] [Client thread/INFO]: [OptiFine] (Reflector) Method not present: net.minecraft.block.Block.isAir
[14:49:29] [Client thread/INFO]: [OptiFine] (Reflector) Method not present: net.minecraft.block.Block.isBed
[14:49:29] [Client thread/INFO]: [OptiFine] (Reflector) Method not present: net.minecraft.block.Block.isBedFoot
[14:49:29] [Client thread/INFO]: [OptiFine] (Reflector) Method not present: net.minecraft.block.Block.isSideSolid
[14:49:29] [Client thread/INFO]: [OptiFine] (Reflector) Method not present: net.minecraft.world.ChunkCache.isSideSolid
[14:49:29] [Client thread/INFO]: [OptiFine] (Reflector) Method not present: net.minecraft.entity.Entity.canRiderInteract
[14:49:29] [Client thread/INFO]: [OptiFine] (Reflector) Field not present: net.minecraft.entity.Entity.captureDrops
[14:49:29] [Client thread/INFO]: [OptiFine] (Reflector) Field not present: net.minecraft.entity.Entity.capturedDrops
[14:49:29] [Client thread/INFO]: [OptiFine] (Reflector) Method not present: net.minecraft.entity.Entity.shouldRenderInPass
[14:49:29] [Client thread/INFO]: [OptiFine] (Reflector) Method not present: net.minecraft.entity.Entity.shouldRiderSit
[14:49:29] [Client thread/INFO]: [OptiFine] (Reflector) Field not present: net.minecraft.item.Item.delegate
[14:49:29] [Client thread/INFO]: [OptiFine] (Reflector) Method not present: net.minecraft.item.Item.getDurabilityForDisplay
[14:49:29] [Client thread/INFO]: [OptiFine] (Reflector) Method not present: net.minecraft.item.Item.getModel
[14:49:29] [Client thread/INFO]: [OptiFine] (Reflector) Method not present: net.minecraft.item.Item.onEntitySwing
[14:49:29] [Client thread/INFO]: [OptiFine] (Reflector) Method not present: net.minecraft.item.Item.shouldCauseReequipAnimation
[14:49:29] [Client thread/INFO]: [OptiFine] (Reflector) Method not present: net.minecraft.item.Item.showDurabilityBar
[14:49:29] [Client thread/INFO]: [OptiFine] (Reflector) Method not present: net.minecraft.potion.PotionEffect.isCurativeItem
[14:49:29] [Client thread/INFO]: [OptiFine] (Reflector) Method not present: net.minecraft.tileentity.TileEntity.canRenderBreaking
[14:49:29] [Client thread/INFO]: [OptiFine] (Reflector) Method not present: net.minecraft.tileentity.TileEntity.getRenderBoundingBox
[14:49:29] [Client thread/INFO]: [OptiFine] (Reflector) Method not present: net.minecraft.tileentity.TileEntity.hasFastRenderer
[14:49:29] [Client thread/INFO]: [OptiFine] (Reflector) Method not present: net.minecraft.tileentity.TileEntity.shouldRenderInPass
[14:49:29] [Client thread/INFO]: [OptiFine] (Reflector) Method not present: net.minecraft.client.renderer.vertex.VertexFormatElement$EnumUsage.preDraw
[14:49:29] [Client thread/INFO]: [OptiFine] (Reflector) Method not present: net.minecraft.client.renderer.vertex.VertexFormatElement$EnumUsage.postDraw
[14:49:29] [Client thread/INFO]: [OptiFine] (Reflector) Method not present: net.minecraft.world.World.countEntities
[14:49:29] [Client thread/INFO]: [OptiFine] (Reflector) Method not present: net.minecraft.world.World.getPerWorldStorage
[14:49:29] [Client thread/INFO]: [OptiFine] (Reflector) Method not present: net.minecraft.world.WorldProvider.getCloudRenderer
[14:49:29] [Client thread/INFO]: [OptiFine] (Reflector) Method not present: net.minecraft.world.WorldProvider.getSkyRenderer
[14:49:29] [Client thread/INFO]: [OptiFine] (Reflector) Method not present: net.minecraft.world.WorldProvider.getWeatherRenderer
[14:49:29] [Client thread/INFO]: [OptiFine] (Reflector) Method not present: net.minecraft.world.WorldProvider.getSaveFolder
[14:49:29] [Client thread/INFO]: [OptiFine] *** Reflector Vanilla ***
[14:49:29] [Client thread/INFO]: LWJGL Version: 2.9.4
[14:49:30] [Client thread/INFO]: [OptiFine] 
[14:49:30] [Client thread/INFO]: [OptiFine] OptiFine_1.8.9_HD_U_L5
[14:49:30] [Client thread/INFO]: [OptiFine] Build: null
[14:49:30] [Client thread/INFO]: [OptiFine] OS: Windows 10 (amd64) version 10.0
[14:49:30] [Client thread/INFO]: [OptiFine] Java: 1.8.0_292, Amazon.com Inc.
[14:49:30] [Client thread/INFO]: [OptiFine] VM: OpenJDK 64-Bit Server VM (mixed mode), Amazon.com Inc.
[14:49:30] [Client thread/INFO]: [OptiFine] LWJGL: 2.9.4
[14:49:30] [Client thread/INFO]: [OptiFine] OpenGL: Intel(R) HD Graphics 4400, version 4.3.0 - Build 20.19.15.4531, Intel
[14:49:30] [Client thread/INFO]: [OptiFine] OpenGL Version: 4.3.0
[14:49:30] [Client thread/INFO]: [OptiFine] OpenGL Fancy fog: Not available (GL_NV_fog_distance)
[14:49:30] [Client thread/INFO]: [OptiFine] Maximum texture size: 8192x8192
[14:49:30] [VersionCheck/INFO]: [OptiFine] java.lang.NullPointerException: null
[14:49:30] [Client thread/INFO]: [Shaders] OpenGL Version: 4.3.0 - Build 20.19.15.4531
[14:49:30] [Client thread/INFO]: [Shaders] Vendor:  Intel
[14:49:30] [Client thread/INFO]: [Shaders] Renderer: Intel(R) HD Graphics 4400
[14:49:30] [Client thread/INFO]: [Shaders] Capabilities:  2.0  2.1  3.0  3.2  4.0 
[14:49:30] [Client thread/INFO]: [Shaders] GL_MAX_DRAW_BUFFERS: 8
[14:49:30] [Client thread/INFO]: [Shaders] GL_MAX_COLOR_ATTACHMENTS_EXT: 8
[14:49:30] [Client thread/INFO]: [Shaders] GL_MAX_TEXTURE_IMAGE_UNITS: 32
[14:49:30] [Client thread/INFO]: [Shaders] Load shaders configuration.
[14:49:30] [Client thread/INFO]: [Shaders] No shaderpack loaded.
[14:49:30] [Client thread/INFO]: Reloading ResourceManager: Default
[14:49:30] [Client thread/INFO]: [OptiFine] *** Reloading textures ***
[14:49:30] [Client thread/INFO]: [OptiFine] Resource packs: Default
[14:49:30] [Sound Library Loader/INFO]: Starting up SoundSystem...
[14:49:30] [Thread-6/INFO]: Initializing LWJGL OpenAL
[14:49:30] [Thread-6/INFO]: (The LWJGL binding of OpenAL.  For more information, see http://www.lwjgl.org)
[14:49:31] [Thread-6/INFO]: OpenAL initialized.
[14:49:31] [Sound Library Loader/INFO]: Sound engine started
[14:49:33] [Client thread/INFO]: [OptiFine] Mipmap levels: 4
[14:49:33] [Client thread/INFO]: [OptiFine] Multitexture: false
[14:49:33] [Client thread/INFO]: [OptiFine] BetterGrass: Parsing default configuration optifine/bettergrass.properties
[14:49:34] [Client thread/INFO]: Created: 512x512 textures-atlas
[14:49:34] [Client thread/INFO]: [OptiFine] Animated sprites: 11
[14:49:34] [Client thread/INFO]: Starting BlueZenith b1.5
[14:49:34] [Client thread/INFO]: Started event manager.
[14:49:35] [Client thread/INFO]: Loaded 28 modules.
[14:49:35] [Client thread/INFO]: Loaded 34 commands.
[14:49:35] [Client thread/INFO]: Added a shutdown hook.
[14:49:35] [Client thread/INFO]: (MCChat)3l[rbBlue Zenith3l] r9Loaded config default 
[14:49:35] [Client thread/INFO]: Loaded the default config and binds.
[14:49:36] [Client thread/INFO]: Creating ClickGui...
[14:49:36] [Client thread/INFO]: Finished Starting!
[14:49:36] [Client thread/INFO]: [OptiFine] *** Reloading custom textures ***
[14:49:36] [Client thread/INFO]: [OptiFine] Enable face culling: acacia_leaves, birch_leaves, dark_oak_leaves, jungle_leaves, oak_leaves, spruce_leaves
[14:49:48] [Server thread/INFO]: Starting integrated minecraft server version 1.9
[14:49:48] [Server thread/INFO]: Generating keypair
[14:49:48] [Server thread/INFO]: Preparing start region for level 0
[14:49:49] [Server thread/INFO]: Preparing spawn area: 52%
[14:49:50] [Server thread/INFO]: Changing view distance to 4, from 10
[14:49:50] [Server thread/INFO]: Player328[local:E:b97f3090] logged in with entity id 9 at (2006.1580683771563, 69.0, -56.413381527349074)
[14:49:50] [Server thread/INFO]: Player328 joined the game
[14:50:13] [Server thread/INFO]: Saving and pausing game...
[14:50:13] [Server thread/INFO]: Saving chunks for level 'mcpworld'/Overworld
[14:50:13] [Server thread/INFO]: Saving chunks for level 'mcpworld'/Nether
[14:50:13] [Server thread/INFO]: Saving chunks for level 'mcpworld'/The End
[14:50:16] [Server thread/INFO]: Saving and pausing game...
[14:50:16] [Server thread/INFO]: Saving chunks for level 'mcpworld'/Overworld
[14:50:16] [Server thread/INFO]: Saving chunks for level 'mcpworld'/Nether
[14:50:16] [Server thread/INFO]: Saving chunks for level 'mcpworld'/The End
[14:50:16] [Server thread/WARN]: Can't keep up! Did the system time change, or is the server overloaded? Running 2117ms behind, skipping 42 tick(s)
[14:50:21] [Server thread/INFO]: Saving and pausing game...
[14:50:25] [Server thread/INFO]: Saving chunks for level 'mcpworld'/Overworld
[14:50:27] [Server thread/INFO]: Saving chunks for level 'mcpworld'/Nether
[14:50:27] [Server thread/INFO]: Saving chunks for level 'mcpworld'/The End
[14:50:28] [Server thread/INFO]: Stopping server
[14:50:28] [Server thread/INFO]: Saving players
[14:50:28] [Server thread/INFO]: Saving worlds
[14:50:28] [Server thread/INFO]: Saving chunks for level 'mcpworld'/Overworld
[14:50:28] [Server thread/INFO]: Saving chunks for level 'mcpworld'/Nether
[14:50:28] [Server thread/INFO]: Saving chunks for level 'mcpworld'/The End
[14:50:45] [Client thread/INFO]: Stopping!
[14:50:45] [Client thread/INFO]: SoundSystem shutting down...
[14:50:45] [Client thread/WARN]: Author: Paul Lamb, www.paulscode.com
[14:50:45] [Thread-8/INFO]: (MCChat)3l[rbBlue Zenith3l] r9Saved config default
